<?xml version="1.0" encoding="UTF-8"?>
<testng-results ignored="0" total="1" passed="1" failed="0" skipped="0">
  <reporter-output>
  </reporter-output>
  <suite started-at="2024-05-11T14:40:35 IST" name="Default suite" finished-at="2024-05-11T14:40:44 IST" duration-ms="8346">
    <groups>
    </groups>
    <test started-at="2024-05-11T14:40:35 IST" name="Default test" finished-at="2024-05-11T14:40:44 IST" duration-ms="8346">
      <class name="org.Adactin.AdactinBase">
        <test-method is-config="true" signature="Setproperty()[pri:0, instance:org.Adactin.AdactinBase@4d14b6c2]" started-at="2024-05-11T14:40:35 IST" name="Setproperty" finished-at="2024-05-11T14:40:35 IST" duration-ms="57" status="PASS">
          <reporter-output>
          </reporter-output>
        </test-method> <!-- Setproperty -->
        <test-method is-config="true" signature="browserLaunch()[pri:0, instance:org.Adactin.AdactinBase@4d14b6c2]" started-at="2024-05-11T14:40:35 IST" name="browserLaunch" finished-at="2024-05-11T14:40:39 IST" duration-ms="4020" status="PASS">
          <reporter-output>
          </reporter-output>
        </test-method> <!-- browserLaunch -->
        <test-method is-config="true" signature="Login()[pri:0, instance:org.Adactin.AdactinBase@4d14b6c2]" started-at="2024-05-11T14:40:39 IST" name="Login" finished-at="2024-05-11T14:40:41 IST" duration-ms="1482" status="PASS">
          <reporter-output>
          </reporter-output>
        </test-method> <!-- Login -->
        <test-method signature="SearchHotel1()[pri:0, instance:org.Adactin.AdactinBase@4d14b6c2]" started-at="2024-05-11T14:40:41 IST" name="SearchHotel1" finished-at="2024-05-11T14:40:44 IST" duration-ms="2737" status="PASS">
          <reporter-output>
          </reporter-output>
        </test-method> <!-- SearchHotel1 -->
      </class> <!-- org.Adactin.AdactinBase -->
    </test> <!-- Default test -->
  </suite> <!-- Default suite -->
</testng-results>
